<?xml version="1.0" encoding="UTF-8"?>
<testng-results ignored="0" total="12" passed="10" failed="2" skipped="0">
  <reporter-output>
  </reporter-output>
  <suite started-at="2021-04-01T13:46:17Z" name="RegressionSuite" finished-at="2021-04-01T13:49:09Z" duration-ms="172765">
    <groups>
    </groups>
    <test started-at="2021-04-01T13:46:17Z" name="RegressionTestOrangeHRM" finished-at="2021-04-01T13:49:09Z" duration-ms="172765">
      <class name="com.orangehrm.testcases.OrangeHrmTest">
        <test-method is-config="true" signature="setupReport()[pri:0, instance:com.orangehrm.testcases.OrangeHrmTest@14028087]" started-at="2021-04-01T13:46:17Z" name="setupReport" finished-at="2021-04-01T13:46:17Z" duration-ms="117" status="PASS">
          <reporter-output>
          </reporter-output>
        </test-method> <!-- setupReport -->
        <test-method is-config="true" signature="setup()[pri:0, instance:com.orangehrm.testcases.OrangeHrmTest@14028087]" started-at="2021-04-01T13:46:17Z" name="setup" finished-at="2021-04-01T13:46:18Z" duration-ms="946" status="PASS">
          <reporter-output>
          </reporter-output>
        </test-method> <!-- setup -->
        <test-method signature="verifyValidLogin(java.util.Map)[pri:0, instance:com.orangehrm.testcases.OrangeHrmTest@14028087]" started-at="2021-04-01T13:46:18Z" name="verifyValidLogin" data-provider="ApplicationTestData" finished-at="2021-04-01T13:46:36Z" duration-ms="17853" status="PASS">
          <params>
            <param index="0">
              <value>
                <![CDATA[{Username=Admin, Password=admin123}]]>
              </value>
            </param>
          </params>
          <reporter-output>
          </reporter-output>
        </test-method> <!-- verifyValidLogin -->
        <test-method is-config="true" signature="TearDown()[pri:0, instance:com.orangehrm.testcases.OrangeHrmTest@14028087]" started-at="2021-04-01T13:46:36Z" name="TearDown" finished-at="2021-04-01T13:46:36Z" duration-ms="377" status="PASS">
          <reporter-output>
          </reporter-output>
        </test-method> <!-- TearDown -->
        <test-method is-config="true" signature="setup()[pri:0, instance:com.orangehrm.testcases.OrangeHrmTest@14028087]" started-at="2021-04-01T13:46:36Z" name="setup" finished-at="2021-04-01T13:46:37Z" duration-ms="669" status="PASS">
          <reporter-output>
          </reporter-output>
        </test-method> <!-- setup -->
        <test-method signature="verifyValidLogin(java.util.Map)[pri:0, instance:com.orangehrm.testcases.OrangeHrmTest@14028087]" started-at="2021-04-01T13:46:37Z" name="verifyValidLogin" data-provider="ApplicationTestData" finished-at="2021-04-01T13:47:03Z" duration-ms="26081" status="FAIL">
          <params>
            <param index="0">
              <value>
                <![CDATA[{Username=sai, Password=kumar}]]>
              </value>
            </param>
          </params>
          <exception class="java.lang.AssertionError">
            <message>
              <![CDATA[Login is not Successful]]>
            </message>
            <full-stacktrace>
              <![CDATA[java.lang.AssertionError: Login is not Successful
at org.junit.Assert.fail(Assert.java:88)
at com.orangehrm.pages.LoginPage.AppLogin(LoginPage.java:84)
at com.orangehrm.testcases.OrangeHrmTest.verifyValidLogin(OrangeHrmTest.java:18)
at java.base/jdk.internal.reflect.NativeMethodAccessorImpl.invoke0(Native Method)
at java.base/jdk.internal.reflect.NativeMethodAccessorImpl.invoke(NativeMethodAccessorImpl.java:78)
at java.base/jdk.internal.reflect.DelegatingMethodAccessorImpl.invoke(DelegatingMethodAccessorImpl.java:43)
at java.base/java.lang.reflect.Method.invoke(Method.java:567)
at org.testng.internal.MethodInvocationHelper.invokeMethod(MethodInvocationHelper.java:124)
at org.testng.internal.Invoker.invokeMethod(Invoker.java:583)
at org.testng.internal.Invoker.invokeTestMethod(Invoker.java:719)
at org.testng.internal.Invoker.invokeTestMethods(Invoker.java:989)
at org.testng.internal.TestMethodWorker.invokeTestMethods(TestMethodWorker.java:125)
at org.testng.internal.TestMethodWorker.run(TestMethodWorker.java:109)
at org.testng.TestRunner.privateRun(TestRunner.java:648)
at org.testng.TestRunner.run(TestRunner.java:505)
at org.testng.SuiteRunner.runTest(SuiteRunner.java:455)
at org.testng.SuiteRunner.runSequentially(SuiteRunner.java:450)
at org.testng.SuiteRunner.privateRun(SuiteRunner.java:415)
at org.testng.SuiteRunner.run(SuiteRunner.java:364)
at org.testng.SuiteRunnerWorker.runSuite(SuiteRunnerWorker.java:52)
at org.testng.SuiteRunnerWorker.run(SuiteRunnerWorker.java:84)
at org.testng.TestNG.runSuitesSequentially(TestNG.java:1208)
at org.testng.TestNG.runSuitesLocally(TestNG.java:1137)
at org.testng.TestNG.runSuites(TestNG.java:1049)
at org.testng.TestNG.run(TestNG.java:1017)
at org.testng.remote.AbstractRemoteTestNG.run(AbstractRemoteTestNG.java:115)
at org.testng.remote.RemoteTestNG.initAndRun(RemoteTestNG.java:251)
at org.testng.remote.RemoteTestNG.main(RemoteTestNG.java:77)
]]>
            </full-stacktrace>
          </exception> <!-- java.lang.AssertionError -->
          <reporter-output>
          </reporter-output>
        </test-method> <!-- verifyValidLogin -->
        <test-method is-config="true" signature="TearDown()[pri:0, instance:com.orangehrm.testcases.OrangeHrmTest@14028087]" started-at="2021-04-01T13:47:03Z" name="TearDown" finished-at="2021-04-01T13:47:03Z" duration-ms="219" status="PASS">
          <reporter-output>
          </reporter-output>
        </test-method> <!-- TearDown -->
        <test-method is-config="true" signature="setup()[pri:0, instance:com.orangehrm.testcases.OrangeHrmTest@14028087]" started-at="2021-04-01T13:47:03Z" name="setup" finished-at="2021-04-01T13:47:04Z" duration-ms="758" status="PASS">
          <reporter-output>
          </reporter-output>
        </test-method> <!-- setup -->
        <test-method signature="InvalidUsername(java.util.Map)[pri:0, instance:com.orangehrm.testcases.OrangeHrmTest@14028087]" started-at="2021-04-01T13:47:04Z" name="InvalidUsername" data-provider="ApplicationTestData" finished-at="2021-04-01T13:47:19Z" duration-ms="15299" status="PASS">
          <params>
            <param index="0">
              <value>
                <![CDATA[{Username=zzzzz, Password=admin123}]]>
              </value>
            </param>
          </params>
          <reporter-output>
          </reporter-output>
        </test-method> <!-- InvalidUsername -->
        <test-method is-config="true" signature="TearDown()[pri:0, instance:com.orangehrm.testcases.OrangeHrmTest@14028087]" started-at="2021-04-01T13:47:19Z" name="TearDown" finished-at="2021-04-01T13:47:20Z" duration-ms="192" status="PASS">
          <reporter-output>
          </reporter-output>
        </test-method> <!-- TearDown -->
        <test-method is-config="true" signature="setup()[pri:0, instance:com.orangehrm.testcases.OrangeHrmTest@14028087]" started-at="2021-04-01T13:47:20Z" name="setup" finished-at="2021-04-01T13:47:20Z" duration-ms="677" status="PASS">
          <reporter-output>
          </reporter-output>
        </test-method> <!-- setup -->
        <test-method signature="InvalidPwd(java.util.Map)[pri:0, instance:com.orangehrm.testcases.OrangeHrmTest@14028087]" started-at="2021-04-01T13:47:20Z" name="InvalidPwd" data-provider="ApplicationTestData" finished-at="2021-04-01T13:47:36Z" duration-ms="15523" status="PASS">
          <params>
            <param index="0">
              <value>
                <![CDATA[{Username=Admin, Password=ZZZZ}]]>
              </value>
            </param>
          </params>
          <reporter-output>
          </reporter-output>
        </test-method> <!-- InvalidPwd -->
        <test-method is-config="true" signature="TearDown()[pri:0, instance:com.orangehrm.testcases.OrangeHrmTest@14028087]" started-at="2021-04-01T13:47:36Z" name="TearDown" finished-at="2021-04-01T13:47:36Z" duration-ms="206" status="PASS">
          <reporter-output>
          </reporter-output>
        </test-method> <!-- TearDown -->
        <test-method is-config="true" signature="setup()[pri:0, instance:com.orangehrm.testcases.OrangeHrmTest@14028087]" started-at="2021-04-01T13:47:36Z" name="setup" finished-at="2021-04-01T13:47:37Z" duration-ms="699" status="PASS">
          <reporter-output>
          </reporter-output>
        </test-method> <!-- setup -->
        <test-method signature="VerifyForgotPwdLink()[pri:0, instance:com.orangehrm.testcases.OrangeHrmTest@14028087]" started-at="2021-04-01T13:47:37Z" name="VerifyForgotPwdLink" finished-at="2021-04-01T13:47:46Z" duration-ms="9788" status="PASS">
          <reporter-output>
          </reporter-output>
        </test-method> <!-- VerifyForgotPwdLink -->
        <test-method is-config="true" signature="TearDown()[pri:0, instance:com.orangehrm.testcases.OrangeHrmTest@14028087]" started-at="2021-04-01T13:47:46Z" name="TearDown" finished-at="2021-04-01T13:47:47Z" duration-ms="190" status="PASS">
          <reporter-output>
          </reporter-output>
        </test-method> <!-- TearDown -->
        <test-method is-config="true" signature="setup()[pri:0, instance:com.orangehrm.testcases.OrangeHrmTest@14028087]" started-at="2021-04-01T13:47:47Z" name="setup" finished-at="2021-04-01T13:47:47Z" duration-ms="733" status="PASS">
          <reporter-output>
          </reporter-output>
        </test-method> <!-- setup -->
        <test-method signature="VerifyLinkeDin()[pri:0, instance:com.orangehrm.testcases.OrangeHrmTest@14028087]" started-at="2021-04-01T13:47:47Z" name="VerifyLinkeDin" finished-at="2021-04-01T13:47:58Z" duration-ms="10384" status="PASS">
          <reporter-output>
          </reporter-output>
        </test-method> <!-- VerifyLinkeDin -->
        <test-method is-config="true" signature="TearDown()[pri:0, instance:com.orangehrm.testcases.OrangeHrmTest@14028087]" started-at="2021-04-01T13:47:58Z" name="TearDown" finished-at="2021-04-01T13:47:58Z" duration-ms="226" status="PASS">
          <reporter-output>
          </reporter-output>
        </test-method> <!-- TearDown -->
        <test-method is-config="true" signature="setup()[pri:0, instance:com.orangehrm.testcases.OrangeHrmTest@14028087]" started-at="2021-04-01T13:47:58Z" name="setup" finished-at="2021-04-01T13:47:59Z" duration-ms="780" status="PASS">
          <reporter-output>
          </reporter-output>
        </test-method> <!-- setup -->
        <test-method signature="VerifyFaceBookBtn()[pri:0, instance:com.orangehrm.testcases.OrangeHrmTest@14028087]" started-at="2021-04-01T13:47:59Z" name="VerifyFaceBookBtn" finished-at="2021-04-01T13:48:11Z" duration-ms="11819" status="PASS">
          <reporter-output>
          </reporter-output>
        </test-method> <!-- VerifyFaceBookBtn -->
        <test-method is-config="true" signature="TearDown()[pri:0, instance:com.orangehrm.testcases.OrangeHrmTest@14028087]" started-at="2021-04-01T13:48:11Z" name="TearDown" finished-at="2021-04-01T13:48:11Z" duration-ms="238" status="PASS">
          <reporter-output>
          </reporter-output>
        </test-method> <!-- TearDown -->
        <test-method is-config="true" signature="setup()[pri:0, instance:com.orangehrm.testcases.OrangeHrmTest@14028087]" started-at="2021-04-01T13:48:11Z" name="setup" finished-at="2021-04-01T13:48:11Z" duration-ms="697" status="PASS">
          <reporter-output>
          </reporter-output>
        </test-method> <!-- setup -->
        <test-method signature="YoutubeBtn()[pri:0, instance:com.orangehrm.testcases.OrangeHrmTest@14028087]" started-at="2021-04-01T13:48:11Z" name="YoutubeBtn" finished-at="2021-04-01T13:48:23Z" duration-ms="11268" status="PASS">
          <reporter-output>
          </reporter-output>
        </test-method> <!-- YoutubeBtn -->
        <test-method is-config="true" signature="TearDown()[pri:0, instance:com.orangehrm.testcases.OrangeHrmTest@14028087]" started-at="2021-04-01T13:48:23Z" name="TearDown" finished-at="2021-04-01T13:48:23Z" duration-ms="258" status="PASS">
          <reporter-output>
          </reporter-output>
        </test-method> <!-- TearDown -->
        <test-method is-config="true" signature="setup()[pri:0, instance:com.orangehrm.testcases.OrangeHrmTest@14028087]" started-at="2021-04-01T13:48:23Z" name="setup" finished-at="2021-04-01T13:48:24Z" duration-ms="704" status="PASS">
          <reporter-output>
          </reporter-output>
        </test-method> <!-- setup -->
        <test-method signature="ResetPwdWithOutData(java.util.Map)[pri:0, instance:com.orangehrm.testcases.OrangeHrmTest@14028087]" started-at="2021-04-01T13:48:24Z" name="ResetPwdWithOutData" data-provider="ApplicationTestData" finished-at="2021-04-01T13:48:34Z" duration-ms="10057" status="FAIL">
          <params>
            <param index="0">
              <value>
                <![CDATA[{}]]>
              </value>
            </param>
          </params>
          <exception class="java.lang.IllegalArgumentException">
            <message>
              <![CDATA[Keys to send should be a not null CharSequence]]>
            </message>
            <full-stacktrace>
              <![CDATA[java.lang.IllegalArgumentException: Keys to send should be a not null CharSequence
at org.openqa.selenium.remote.RemoteWebElement.sendKeys(RemoteWebElement.java:97)
at java.base/jdk.internal.reflect.NativeMethodAccessorImpl.invoke0(Native Method)
at java.base/jdk.internal.reflect.NativeMethodAccessorImpl.invoke(NativeMethodAccessorImpl.java:78)
at java.base/jdk.internal.reflect.DelegatingMethodAccessorImpl.invoke(DelegatingMethodAccessorImpl.java:43)
at java.base/java.lang.reflect.Method.invoke(Method.java:567)
at org.openqa.selenium.support.pagefactory.internal.LocatingElementHandler.invoke(LocatingElementHandler.java:51)
at jdk.proxy2/jdk.proxy2.$Proxy14.sendKeys(Unknown Source)
at com.orangehrm.framework.webdriver.BasePage.UpdateDataIntoField(BasePage.java:59)
at com.orangehrm.pages.ForgotPwdPage.ResetPwdWithOutData(ForgotPwdPage.java:69)
at com.orangehrm.testcases.OrangeHrmTest.ResetPwdWithOutData(OrangeHrmTest.java:69)
at java.base/jdk.internal.reflect.NativeMethodAccessorImpl.invoke0(Native Method)
at java.base/jdk.internal.reflect.NativeMethodAccessorImpl.invoke(NativeMethodAccessorImpl.java:78)
at java.base/jdk.internal.reflect.DelegatingMethodAccessorImpl.invoke(DelegatingMethodAccessorImpl.java:43)
at java.base/java.lang.reflect.Method.invoke(Method.java:567)
at org.testng.internal.MethodInvocationHelper.invokeMethod(MethodInvocationHelper.java:124)
at org.testng.internal.Invoker.invokeMethod(Invoker.java:583)
at org.testng.internal.Invoker.invokeTestMethod(Invoker.java:719)
at org.testng.internal.Invoker.invokeTestMethods(Invoker.java:989)
at org.testng.internal.TestMethodWorker.invokeTestMethods(TestMethodWorker.java:125)
at org.testng.internal.TestMethodWorker.run(TestMethodWorker.java:109)
at org.testng.TestRunner.privateRun(TestRunner.java:648)
at org.testng.TestRunner.run(TestRunner.java:505)
at org.testng.SuiteRunner.runTest(SuiteRunner.java:455)
at org.testng.SuiteRunner.runSequentially(SuiteRunner.java:450)
at org.testng.SuiteRunner.privateRun(SuiteRunner.java:415)
at org.testng.SuiteRunner.run(SuiteRunner.java:364)
at org.testng.SuiteRunnerWorker.runSuite(SuiteRunnerWorker.java:52)
at org.testng.SuiteRunnerWorker.run(SuiteRunnerWorker.java:84)
at org.testng.TestNG.runSuitesSequentially(TestNG.java:1208)
at org.testng.TestNG.runSuitesLocally(TestNG.java:1137)
at org.testng.TestNG.runSuites(TestNG.java:1049)
at org.testng.TestNG.run(TestNG.java:1017)
at org.testng.remote.AbstractRemoteTestNG.run(AbstractRemoteTestNG.java:115)
at org.testng.remote.RemoteTestNG.initAndRun(RemoteTestNG.java:251)
at org.testng.remote.RemoteTestNG.main(RemoteTestNG.java:77)
]]>
            </full-stacktrace>
          </exception> <!-- java.lang.IllegalArgumentException -->
          <reporter-output>
          </reporter-output>
        </test-method> <!-- ResetPwdWithOutData -->
        <test-method is-config="true" signature="TearDown()[pri:0, instance:com.orangehrm.testcases.OrangeHrmTest@14028087]" started-at="2021-04-01T13:48:34Z" name="TearDown" finished-at="2021-04-01T13:48:34Z" duration-ms="206" status="PASS">
          <reporter-output>
          </reporter-output>
        </test-method> <!-- TearDown -->
        <test-method is-config="true" signature="setup()[pri:0, instance:com.orangehrm.testcases.OrangeHrmTest@14028087]" started-at="2021-04-01T13:48:34Z" name="setup" finished-at="2021-04-01T13:48:35Z" duration-ms="681" status="PASS">
          <reporter-output>
          </reporter-output>
        </test-method> <!-- setup -->
        <test-method signature="ResetPwdWitheData(java.util.Map)[pri:0, instance:com.orangehrm.testcases.OrangeHrmTest@14028087]" started-at="2021-04-01T13:48:35Z" name="ResetPwdWitheData" data-provider="ApplicationTestData" finished-at="2021-04-01T13:48:46Z" duration-ms="11091" status="PASS">
          <params>
            <param index="0">
              <value>
                <![CDATA[{Username=Admin}]]>
              </value>
            </param>
          </params>
          <reporter-output>
          </reporter-output>
        </test-method> <!-- ResetPwdWitheData -->
        <test-method is-config="true" signature="TearDown()[pri:0, instance:com.orangehrm.testcases.OrangeHrmTest@14028087]" started-at="2021-04-01T13:48:46Z" name="TearDown" finished-at="2021-04-01T13:48:46Z" duration-ms="188" status="PASS">
          <reporter-output>
          </reporter-output>
        </test-method> <!-- TearDown -->
        <test-method is-config="true" signature="setup()[pri:0, instance:com.orangehrm.testcases.OrangeHrmTest@14028087]" started-at="2021-04-01T13:48:46Z" name="setup" finished-at="2021-04-01T13:48:47Z" duration-ms="727" status="PASS">
          <reporter-output>
          </reporter-output>
        </test-method> <!-- setup -->
        <test-method signature="ResetPwdWitheWrongData(java.util.Map)[pri:0, instance:com.orangehrm.testcases.OrangeHrmTest@14028087]" started-at="2021-04-01T13:48:47Z" name="ResetPwdWitheWrongData" data-provider="ApplicationTestData" finished-at="2021-04-01T13:48:58Z" duration-ms="11011" status="PASS">
          <params>
            <param index="0">
              <value>
                <![CDATA[{Username=AAAA}]]>
              </value>
            </param>
          </params>
          <reporter-output>
          </reporter-output>
        </test-method> <!-- ResetPwdWitheWrongData -->
        <test-method is-config="true" signature="TearDown()[pri:0, instance:com.orangehrm.testcases.OrangeHrmTest@14028087]" started-at="2021-04-01T13:48:58Z" name="TearDown" finished-at="2021-04-01T13:48:58Z" duration-ms="230" status="PASS">
          <reporter-output>
          </reporter-output>
        </test-method> <!-- TearDown -->
        <test-method is-config="true" signature="setup()[pri:0, instance:com.orangehrm.testcases.OrangeHrmTest@14028087]" started-at="2021-04-01T13:48:58Z" name="setup" finished-at="2021-04-01T13:48:59Z" duration-ms="735" status="PASS">
          <reporter-output>
          </reporter-output>
        </test-method> <!-- setup -->
        <test-method signature="Cancel()[pri:0, instance:com.orangehrm.testcases.OrangeHrmTest@14028087]" started-at="2021-04-01T13:48:59Z" name="Cancel" finished-at="2021-04-01T13:49:09Z" duration-ms="10548" status="PASS">
          <reporter-output>
          </reporter-output>
        </test-method> <!-- Cancel -->
        <test-method is-config="true" signature="TearDown()[pri:0, instance:com.orangehrm.testcases.OrangeHrmTest@14028087]" started-at="2021-04-01T13:49:09Z" name="TearDown" finished-at="2021-04-01T13:49:09Z" duration-ms="199" status="PASS">
          <reporter-output>
          </reporter-output>
        </test-method> <!-- TearDown -->
      </class> <!-- com.orangehrm.testcases.OrangeHrmTest -->
    </test> <!-- RegressionTestOrangeHRM -->
  </suite> <!-- RegressionSuite -->
</testng-results>
